Jun 13 05:53:41  [info] $backTrace = #0 /home/kenahoo/singersinaccord.org/sites/all/modules/civicrm/CRM/Core/Error.php(229): CRM_Core_Error::backtrace("backTrace", TRUE)
#1 [internal function](): CRM_Core_Error::simpleHandler(Object(DB_Error))
#2 /home/kenahoo/singersinaccord.org/sites/all/modules/civicrm/packages/PEAR.php(931): call_user_func((Array:2), Object(DB_Error))
#3 /home/kenahoo/singersinaccord.org/sites/all/modules/civicrm/packages/DB.php(968): PEAR_Error->PEAR_Error("DB Error: connect failed", -24, 16, (Array:2), " [nativecode=Can't connect to MySQL server on 'mysql.singersinaccord.org' (4)]")
#4 /home/kenahoo/singersinaccord.org/sites/all/modules/civicrm/packages/PEAR.php(564): DB_Error->DB_Error(-24, 16, (Array:2), " [nativecode=Can't connect to MySQL server on 'mysql.singersinaccord.org' (4)]")
#5 /home/kenahoo/singersinaccord.org/sites/all/modules/civicrm/packages/DB/common.php(1903): PEAR->raiseError(NULL, -24, NULL, NULL, " [nativecode=Can't connect to MySQL server on 'mysql.singersinaccord.org' (4)]", "DB_Error", TRUE)
#6 /home/kenahoo/singersinaccord.org/sites/all/modules/civicrm/packages/DB/mysql.php(252): DB_common->raiseError(-24, NULL, NULL, NULL, "Can't connect to MySQL server on 'mysql.singersinaccord.org' (4)")
#7 /home/kenahoo/singersinaccord.org/sites/all/modules/civicrm/packages/DB.php(558): DB_mysql->connect((Array:10), FALSE)
#8 /home/kenahoo/singersinaccord.org/sites/all/modules/civicrm/packages/DB/DataObject.php(2294): DB::connect((string))
#9 /home/kenahoo/singersinaccord.org/sites/all/modules/civicrm/packages/DB/DataObject.php(2526): DB_DataObject->_connect()
#10 /home/kenahoo/singersinaccord.org/sites/all/modules/civicrm/packages/DB/DataObject.php(411): DB_DataObject->_build_condition((Array:8))
#11 /home/kenahoo/singersinaccord.org/sites/all/modules/civicrm/CRM/Core/BAO/ConfigSetting.php(202): DB_DataObject->find(TRUE)
#12 /home/kenahoo/singersinaccord.org/sites/all/modules/civicrm/CRM/Core/Config.php(404): CRM_Core_BAO_ConfigSetting::retrieve((Array:0))
#13 /home/kenahoo/singersinaccord.org/sites/all/modules/civicrm/CRM/Core/Config.php(197): CRM_Core_Config->_initVariables()
#14 /home/kenahoo/singersinaccord.org/sites/all/modules/civicrm/drupal/civicrm.module(283): CRM_Core_Config::singleton()
#15 /home/kenahoo/singersinaccord.org/sites/all/modules/civicrm/drupal/civicrm.module(956): civicrm_initialize()
#16 [internal function](): civicrm_preprocess_page((Array:50), "page")
#17 /home/kenahoo/singersinaccord.org/includes/theme.inc(710): call_user_func_array("civicrm_preprocess_page", (Array:2))
#18 /home/kenahoo/singersinaccord.org/index.php(35): theme("page", "<div id=\"node-43\" class=\"node clear-block\">\n\n<!-- theme: siabp2.node --...")
#19 {main}


Jun 13 06:27:33  [info] $backTrace = #0 /home/kenahoo/singersinaccord.org/sites/all/modules/civicrm/CRM/Core/Error.php(229): CRM_Core_Error::backtrace("backTrace", TRUE)
#1 [internal function](): CRM_Core_Error::simpleHandler(Object(DB_Error))
#2 /home/kenahoo/singersinaccord.org/sites/all/modules/civicrm/packages/PEAR.php(931): call_user_func((Array:2), Object(DB_Error))
#3 /home/kenahoo/singersinaccord.org/sites/all/modules/civicrm/packages/DB.php(968): PEAR_Error->PEAR_Error("DB Error: connect failed", -24, 16, (Array:2), " [nativecode=Can't connect to MySQL server on 'mysql.singersinaccord.org' (4)]")
#4 /home/kenahoo/singersinaccord.org/sites/all/modules/civicrm/packages/PEAR.php(564): DB_Error->DB_Error(-24, 16, (Array:2), " [nativecode=Can't connect to MySQL server on 'mysql.singersinaccord.org' (4)]")
#5 /home/kenahoo/singersinaccord.org/sites/all/modules/civicrm/packages/DB/common.php(1903): PEAR->raiseError(NULL, -24, NULL, NULL, " [nativecode=Can't connect to MySQL server on 'mysql.singersinaccord.org' (4)]", "DB_Error", TRUE)
#6 /home/kenahoo/singersinaccord.org/sites/all/modules/civicrm/packages/DB/mysql.php(252): DB_common->raiseError(-24, NULL, NULL, NULL, "Can't connect to MySQL server on 'mysql.singersinaccord.org' (4)")
#7 /home/kenahoo/singersinaccord.org/sites/all/modules/civicrm/packages/DB.php(558): DB_mysql->connect((Array:10), FALSE)
#8 /home/kenahoo/singersinaccord.org/sites/all/modules/civicrm/packages/DB/DataObject.php(2294): DB::connect((string))
#9 /home/kenahoo/singersinaccord.org/sites/all/modules/civicrm/packages/DB/DataObject.php(2526): DB_DataObject->_connect()
#10 /home/kenahoo/singersinaccord.org/sites/all/modules/civicrm/packages/DB/DataObject.php(411): DB_DataObject->_build_condition((Array:8))
#11 /home/kenahoo/singersinaccord.org/sites/all/modules/civicrm/CRM/Core/BAO/ConfigSetting.php(202): DB_DataObject->find(TRUE)
#12 /home/kenahoo/singersinaccord.org/sites/all/modules/civicrm/CRM/Core/Config.php(404): CRM_Core_BAO_ConfigSetting::retrieve((Array:0))
#13 /home/kenahoo/singersinaccord.org/sites/all/modules/civicrm/CRM/Core/Config.php(197): CRM_Core_Config->_initVariables()
#14 /home/kenahoo/singersinaccord.org/sites/all/modules/civicrm/drupal/civicrm.module(283): CRM_Core_Config::singleton()
#15 /home/kenahoo/singersinaccord.org/sites/all/modules/civicrm/drupal/civicrm.module(956): civicrm_initialize()
#16 [internal function](): civicrm_preprocess_page((Array:49), "page")
#17 /home/kenahoo/singersinaccord.org/includes/theme.inc(710): call_user_func_array("civicrm_preprocess_page", (Array:2))
#18 /home/kenahoo/singersinaccord.org/index.php(35): theme("page", "<div class=\"view view-frontpage view-id-frontpage view-display-id-page view-...")
#19 {main}


Jun 13 06:42:44  [info] $backTrace = #0 /home/kenahoo/singersinaccord.org/sites/all/modules/civicrm/CRM/Core/Error.php(229): CRM_Core_Error::backtrace("backTrace", TRUE)
#1 [internal function](): CRM_Core_Error::simpleHandler(Object(DB_Error))
#2 /home/kenahoo/singersinaccord.org/sites/all/modules/civicrm/packages/PEAR.php(931): call_user_func((Array:2), Object(DB_Error))
#3 /home/kenahoo/singersinaccord.org/sites/all/modules/civicrm/packages/DB.php(968): PEAR_Error->PEAR_Error("DB Error: connect failed", -24, 16, (Array:2), " [nativecode=Can't connect to MySQL server on 'mysql.singersinaccord.org' (4)]")
#4 /home/kenahoo/singersinaccord.org/sites/all/modules/civicrm/packages/PEAR.php(564): DB_Error->DB_Error(-24, 16, (Array:2), " [nativecode=Can't connect to MySQL server on 'mysql.singersinaccord.org' (4)]")
#5 /home/kenahoo/singersinaccord.org/sites/all/modules/civicrm/packages/DB/common.php(1903): PEAR->raiseError(NULL, -24, NULL, NULL, " [nativecode=Can't connect to MySQL server on 'mysql.singersinaccord.org' (4)]", "DB_Error", TRUE)
#6 /home/kenahoo/singersinaccord.org/sites/all/modules/civicrm/packages/DB/mysql.php(252): DB_common->raiseError(-24, NULL, NULL, NULL, "Can't connect to MySQL server on 'mysql.singersinaccord.org' (4)")
#7 /home/kenahoo/singersinaccord.org/sites/all/modules/civicrm/packages/DB.php(558): DB_mysql->connect((Array:10), FALSE)
#8 /home/kenahoo/singersinaccord.org/sites/all/modules/civicrm/packages/DB/DataObject.php(2294): DB::connect((string))
#9 /home/kenahoo/singersinaccord.org/sites/all/modules/civicrm/packages/DB/DataObject.php(2526): DB_DataObject->_connect()
#10 /home/kenahoo/singersinaccord.org/sites/all/modules/civicrm/packages/DB/DataObject.php(411): DB_DataObject->_build_condition((Array:8))
#11 /home/kenahoo/singersinaccord.org/sites/all/modules/civicrm/CRM/Core/BAO/ConfigSetting.php(202): DB_DataObject->find(TRUE)
#12 /home/kenahoo/singersinaccord.org/sites/all/modules/civicrm/CRM/Core/Config.php(404): CRM_Core_BAO_ConfigSetting::retrieve((Array:0))
#13 /home/kenahoo/singersinaccord.org/sites/all/modules/civicrm/CRM/Core/Config.php(197): CRM_Core_Config->_initVariables()
#14 /home/kenahoo/singersinaccord.org/sites/all/modules/civicrm/drupal/civicrm.module(283): CRM_Core_Config::singleton()
#15 /home/kenahoo/singersinaccord.org/sites/all/modules/civicrm/drupal/civicrm.module(956): civicrm_initialize()
#16 [internal function](): civicrm_preprocess_page((Array:49), "page")
#17 /home/kenahoo/singersinaccord.org/includes/theme.inc(710): call_user_func_array("civicrm_preprocess_page", (Array:2))
#18 /home/kenahoo/singersinaccord.org/includes/common.inc(427): theme("page", "You are not authorized to access this page.")
#19 /home/kenahoo/singersinaccord.org/index.php(26): drupal_access_denied()
#20 {main}


Jun 13 06:43:13  [info] $backTrace = #0 /home/kenahoo/singersinaccord.org/sites/all/modules/civicrm/CRM/Core/Error.php(229): CRM_Core_Error::backtrace("backTrace", TRUE)
#1 [internal function](): CRM_Core_Error::simpleHandler(Object(DB_Error))
#2 /home/kenahoo/singersinaccord.org/sites/all/modules/civicrm/packages/PEAR.php(931): call_user_func((Array:2), Object(DB_Error))
#3 /home/kenahoo/singersinaccord.org/sites/all/modules/civicrm/packages/DB.php(968): PEAR_Error->PEAR_Error("DB Error: connect failed", -24, 16, (Array:2), " [nativecode=Can't connect to MySQL server on 'mysql.singersinaccord.org' (4)]")
#4 /home/kenahoo/singersinaccord.org/sites/all/modules/civicrm/packages/PEAR.php(564): DB_Error->DB_Error(-24, 16, (Array:2), " [nativecode=Can't connect to MySQL server on 'mysql.singersinaccord.org' (4)]")
#5 /home/kenahoo/singersinaccord.org/sites/all/modules/civicrm/packages/DB/common.php(1903): PEAR->raiseError(NULL, -24, NULL, NULL, " [nativecode=Can't connect to MySQL server on 'mysql.singersinaccord.org' (4)]", "DB_Error", TRUE)
#6 /home/kenahoo/singersinaccord.org/sites/all/modules/civicrm/packages/DB/mysql.php(252): DB_common->raiseError(-24, NULL, NULL, NULL, "Can't connect to MySQL server on 'mysql.singersinaccord.org' (4)")
#7 /home/kenahoo/singersinaccord.org/sites/all/modules/civicrm/packages/DB.php(558): DB_mysql->connect((Array:10), FALSE)
#8 /home/kenahoo/singersinaccord.org/sites/all/modules/civicrm/packages/DB/DataObject.php(2294): DB::connect((string))
#9 /home/kenahoo/singersinaccord.org/sites/all/modules/civicrm/packages/DB/DataObject.php(2526): DB_DataObject->_connect()
#10 /home/kenahoo/singersinaccord.org/sites/all/modules/civicrm/packages/DB/DataObject.php(411): DB_DataObject->_build_condition((Array:8))
#11 /home/kenahoo/singersinaccord.org/sites/all/modules/civicrm/CRM/Core/BAO/ConfigSetting.php(202): DB_DataObject->find(TRUE)
#12 /home/kenahoo/singersinaccord.org/sites/all/modules/civicrm/CRM/Core/Config.php(404): CRM_Core_BAO_ConfigSetting::retrieve((Array:0))
#13 /home/kenahoo/singersinaccord.org/sites/all/modules/civicrm/CRM/Core/Config.php(197): CRM_Core_Config->_initVariables()
#14 /home/kenahoo/singersinaccord.org/sites/all/modules/civicrm/drupal/civicrm.module(283): CRM_Core_Config::singleton()
#15 /home/kenahoo/singersinaccord.org/sites/all/modules/civicrm/drupal/civicrm.module(956): civicrm_initialize()
#16 [internal function](): civicrm_preprocess_page((Array:50), "page")
#17 /home/kenahoo/singersinaccord.org/includes/theme.inc(710): call_user_func_array("civicrm_preprocess_page", (Array:2))
#18 /home/kenahoo/singersinaccord.org/index.php(35): theme("page", "<div id=\"node-47\" class=\"node clear-block\">\n\n<!-- theme: siabp2.node --...")
#19 {main}


Jun 13 06:53:33  [info] $backTrace = #0 /home/kenahoo/singersinaccord.org/sites/all/modules/civicrm/CRM/Core/Error.php(229): CRM_Core_Error::backtrace("backTrace", TRUE)
#1 [internal function](): CRM_Core_Error::simpleHandler(Object(DB_Error))
#2 /home/kenahoo/singersinaccord.org/sites/all/modules/civicrm/packages/PEAR.php(931): call_user_func((Array:2), Object(DB_Error))
#3 /home/kenahoo/singersinaccord.org/sites/all/modules/civicrm/packages/DB.php(968): PEAR_Error->PEAR_Error("DB Error: connect failed", -24, 16, (Array:2), " [nativecode=Can't connect to MySQL server on 'mysql.singersinaccord.org' (4)]")
#4 /home/kenahoo/singersinaccord.org/sites/all/modules/civicrm/packages/PEAR.php(564): DB_Error->DB_Error(-24, 16, (Array:2), " [nativecode=Can't connect to MySQL server on 'mysql.singersinaccord.org' (4)]")
#5 /home/kenahoo/singersinaccord.org/sites/all/modules/civicrm/packages/DB/common.php(1903): PEAR->raiseError(NULL, -24, NULL, NULL, " [nativecode=Can't connect to MySQL server on 'mysql.singersinaccord.org' (4)]", "DB_Error", TRUE)
#6 /home/kenahoo/singersinaccord.org/sites/all/modules/civicrm/packages/DB/mysql.php(252): DB_common->raiseError(-24, NULL, NULL, NULL, "Can't connect to MySQL server on 'mysql.singersinaccord.org' (4)")
#7 /home/kenahoo/singersinaccord.org/sites/all/modules/civicrm/packages/DB.php(558): DB_mysql->connect((Array:10), FALSE)
#8 /home/kenahoo/singersinaccord.org/sites/all/modules/civicrm/packages/DB/DataObject.php(2294): DB::connect((string))
#9 /home/kenahoo/singersinaccord.org/sites/all/modules/civicrm/packages/DB/DataObject.php(2526): DB_DataObject->_connect()
#10 /home/kenahoo/singersinaccord.org/sites/all/modules/civicrm/packages/DB/DataObject.php(411): DB_DataObject->_build_condition((Array:8))
#11 /home/kenahoo/singersinaccord.org/sites/all/modules/civicrm/CRM/Core/BAO/ConfigSetting.php(202): DB_DataObject->find(TRUE)
#12 /home/kenahoo/singersinaccord.org/sites/all/modules/civicrm/CRM/Core/Config.php(404): CRM_Core_BAO_ConfigSetting::retrieve((Array:0))
#13 /home/kenahoo/singersinaccord.org/sites/all/modules/civicrm/CRM/Core/Config.php(197): CRM_Core_Config->_initVariables()
#14 /home/kenahoo/singersinaccord.org/sites/all/modules/civicrm/drupal/civicrm.module(283): CRM_Core_Config::singleton()
#15 /home/kenahoo/singersinaccord.org/sites/all/modules/civicrm/drupal/civicrm.module(956): civicrm_initialize()
#16 [internal function](): civicrm_preprocess_page((Array:49), "page")
#17 /home/kenahoo/singersinaccord.org/includes/theme.inc(710): call_user_func_array("civicrm_preprocess_page", (Array:2))
#18 /home/kenahoo/singersinaccord.org/includes/common.inc(427): theme("page", "You are not authorized to access this page.")
#19 /home/kenahoo/singersinaccord.org/index.php(26): drupal_access_denied()
#20 {main}


Jun 13 07:14:05  [info] $backTrace = #0 /home/kenahoo/singersinaccord.org/sites/all/modules/civicrm/CRM/Core/Error.php(229): CRM_Core_Error::backtrace("backTrace", TRUE)
#1 [internal function](): CRM_Core_Error::simpleHandler(Object(DB_Error))
#2 /home/kenahoo/singersinaccord.org/sites/all/modules/civicrm/packages/PEAR.php(931): call_user_func((Array:2), Object(DB_Error))
#3 /home/kenahoo/singersinaccord.org/sites/all/modules/civicrm/packages/DB.php(968): PEAR_Error->PEAR_Error("DB Error: connect failed", -24, 16, (Array:2), " [nativecode=Can't connect to MySQL server on 'mysql.singersinaccord.org' (4)]")
#4 /home/kenahoo/singersinaccord.org/sites/all/modules/civicrm/packages/PEAR.php(564): DB_Error->DB_Error(-24, 16, (Array:2), " [nativecode=Can't connect to MySQL server on 'mysql.singersinaccord.org' (4)]")
#5 /home/kenahoo/singersinaccord.org/sites/all/modules/civicrm/packages/DB/common.php(1903): PEAR->raiseError(NULL, -24, NULL, NULL, " [nativecode=Can't connect to MySQL server on 'mysql.singersinaccord.org' (4)]", "DB_Error", TRUE)
#6 /home/kenahoo/singersinaccord.org/sites/all/modules/civicrm/packages/DB/mysql.php(252): DB_common->raiseError(-24, NULL, NULL, NULL, "Can't connect to MySQL server on 'mysql.singersinaccord.org' (4)")
#7 /home/kenahoo/singersinaccord.org/sites/all/modules/civicrm/packages/DB.php(558): DB_mysql->connect((Array:10), FALSE)
#8 /home/kenahoo/singersinaccord.org/sites/all/modules/civicrm/packages/DB/DataObject.php(2294): DB::connect((string))
#9 /home/kenahoo/singersinaccord.org/sites/all/modules/civicrm/packages/DB/DataObject.php(2526): DB_DataObject->_connect()
#10 /home/kenahoo/singersinaccord.org/sites/all/modules/civicrm/packages/DB/DataObject.php(411): DB_DataObject->_build_condition((Array:8))
#11 /home/kenahoo/singersinaccord.org/sites/all/modules/civicrm/CRM/Core/BAO/ConfigSetting.php(202): DB_DataObject->find(TRUE)
#12 /home/kenahoo/singersinaccord.org/sites/all/modules/civicrm/CRM/Core/Config.php(404): CRM_Core_BAO_ConfigSetting::retrieve((Array:0))
#13 /home/kenahoo/singersinaccord.org/sites/all/modules/civicrm/CRM/Core/Config.php(197): CRM_Core_Config->_initVariables()
#14 /home/kenahoo/singersinaccord.org/sites/all/modules/civicrm/drupal/civicrm.module(283): CRM_Core_Config::singleton()
#15 /home/kenahoo/singersinaccord.org/sites/all/modules/civicrm/drupal/civicrm.module(156): civicrm_initialize()
#16 [internal function](): civicrm_block("list")
#17 /home/kenahoo/singersinaccord.org/includes/module.inc(476): call_user_func_array("civicrm_block", (Array:1))
#18 /home/kenahoo/singersinaccord.org/modules/block/block.module(252): module_invoke("civicrm", "block", "list")
#19 /home/kenahoo/singersinaccord.org/modules/block/block.module(324): _block_rehash("blueprint")
#20 [internal function](): block_flush_caches()
#21 /home/kenahoo/singersinaccord.org/includes/module.inc(497): call_user_func_array("block_flush_caches", (Array:0))
#22 /home/kenahoo/singersinaccord.org/modules/system/system.module(1331): module_invoke_all("flush_caches")
#23 [internal function](): system_cron()
#24 /home/kenahoo/singersinaccord.org/includes/module.inc(497): call_user_func_array("system_cron", (Array:0))
#25 /home/kenahoo/singersinaccord.org/includes/common.inc(2798): module_invoke_all("cron")
#26 /home/kenahoo/singersinaccord.org/cron.php(10): drupal_cron_run()
#27 {main}


